<?xml version="1.0" encoding="UTF-8"?>
<!-- Generated by org.testng.reporters.JUnitReportReporter -->
<testsuite skipped="0" hostname="DESKTOP-MLJLJGL" name="flipkart.scripts.TC001" tests="1" failures="0" timestamp="2022-05-16T13:42:28 IST" time="42.847" errors="0">
  <testcase name="LoginAndValidateItemPrice" time="42.847" classname="flipkart.scripts.TC001"/>
  <system-out/>
</testsuite> <!-- flipkart.scripts.TC001 -->
